date: 2014-03-10 14:53:07.389
argv: node /Users/yuan.sun/.nvm/v0.10.26/bin/hexo server
os: Darwin 13.0.0 darwin x64
version:
  hexo: 2.4.5
  http_parser: 1.0
  node: 0.10.26
  v8: 3.14.5.9
  ares: 1.9.0-DEV
  uv: 0.10.25
  zlib: 1.2.3
  modules: 11
  openssl: 1.0.1e
---

[debug] 14:53:07.083 Configuration file load successfully
[debug] 14:53:07.114 Updating package.json version
[debug] 14:53:07.116 Hexo was just updated. Deleting old cache database.
[debug] 14:53:07.117 Version info checked successfully
[debug] 14:53:07.171 Script load successfully: fancybox.js
[debug] 14:53:07.193 Processed: css/_extend.styl
[debug] 14:53:07.193 Processed: css/_variables.styl
[debug] 14:53:07.194 Processed: css/_partial/archive.styl
[debug] 14:53:07.194 Processed: css/_partial/article.styl
[debug] 14:53:07.194 Processed: css/_partial/comment.styl
[debug] 14:53:07.194 Processed: css/_partial/footer.styl
[debug] 14:53:07.194 Processed: css/_partial/header.styl
[debug] 14:53:07.194 Processed: css/_partial/highlight.styl
[debug] 14:53:07.194 Processed: css/_partial/mobile.styl
[debug] 14:53:07.194 Processed: css/_partial/sidebar-aside.styl
[debug] 14:53:07.194 Processed: css/_partial/sidebar-bottom.styl
[debug] 14:53:07.194 Processed: css/_partial/sidebar.styl
[debug] 14:53:07.194 Processed: css/_util/grid.styl
[debug] 14:53:07.194 Processed: css/_util/mixin.styl
[debug] 14:53:07.199 Processed: js/script.js
[debug] 14:53:07.200 Processed: css/fonts/FontAwesome.otf
[debug] 14:53:07.200 Processed: css/fonts/fontawesome-webfont.eot
[debug] 14:53:07.200 Processed: css/fonts/fontawesome-webfont.svg
[debug] 14:53:07.200 Processed: css/fonts/fontawesome-webfont.ttf
[debug] 14:53:07.201 Processed: css/fonts/fontawesome-webfont.woff
[debug] 14:53:07.201 Processed: css/images/banner.png
[debug] 14:53:07.201 Processed: fancybox/blank.gif
[debug] 14:53:07.202 Processed: fancybox/fancybox_loading.gif
[debug] 14:53:07.202 Processed: fancybox/fancybox_loading@2x.gif
[debug] 14:53:07.203 Processed: fancybox/fancybox_overlay.png
[debug] 14:53:07.203 Processed: fancybox/fancybox_sprite.png
[debug] 14:53:07.203 Processed: fancybox/fancybox_sprite@2x.png
[debug] 14:53:07.204 Processed: fancybox/jquery.fancybox.css
[debug] 14:53:07.204 Processed: fancybox/jquery.fancybox.js
[debug] 14:53:07.205 Processed: fancybox/jquery.fancybox.pack.js
[debug] 14:53:07.206 Processed: fancybox/helpers/fancybox_buttons.png
[debug] 14:53:07.206 Processed: fancybox/helpers/jquery.fancybox-buttons.css
[debug] 14:53:07.207 Processed: fancybox/helpers/jquery.fancybox-buttons.js
[debug] 14:53:07.207 Processed: fancybox/helpers/jquery.fancybox-media.js
[debug] 14:53:07.207 Processed: fancybox/helpers/jquery.fancybox-thumbs.css
[debug] 14:53:07.208 Processed: fancybox/helpers/jquery.fancybox-thumbs.js
[error] 14:53:07.384 HexoError: Process failed: css/style.styl
TypeError: /Users/yuan.sun/git/blog-hexo-source/themes/present/source/css/_variables.styl:35
   31| subtitle-size = 16px
   32| banner-height = 404px
   33| banner-url = "images/banner.png"
   34| 
 > 35| sidebar = hexo-config("sidebar")
   36| 
   37| // Layout
   38| block-margin = 20px

Cannot read property 'sidebar' of undefined

    at getProperty (/Users/yuan.sun/.nvm/v0.10.26/lib/node_modules/hexo/lib/plugins/renderer/stylus.js:8:17)
    at Evaluator.<anonymous> (/Users/yuan.sun/.nvm/v0.10.26/lib/node_modules/hexo/lib/plugins/renderer/stylus.js:19:12)
    at Evaluator.invokeBuiltin (/Users/yuan.sun/.nvm/v0.10.26/lib/node_modules/hexo/node_modules/stylus/lib/visitor/evaluator.js:997:30)
    at Evaluator.visitCall (/Users/yuan.sun/.nvm/v0.10.26/lib/node_modules/hexo/node_modules/stylus/lib/visitor/evaluator.js:530:16)
    at Evaluator.Visitor.visit (/Users/yuan.sun/.nvm/v0.10.26/lib/node_modules/hexo/node_modules/stylus/lib/visitor/index.js:28:40)
    at Evaluator.visit (/Users/yuan.sun/.nvm/v0.10.26/lib/node_modules/hexo/node_modules/stylus/lib/visitor/evaluator.js:160:18)
    at Evaluator.visitExpression (/Users/yuan.sun/.nvm/v0.10.26/lib/node_modules/hexo/node_modules/stylus/lib/visitor/evaluator.js:662:26)
    at Evaluator.Visitor.visit (/Users/yuan.sun/.nvm/v0.10.26/lib/node_modules/hexo/node_modules/stylus/lib/visitor/index.js:28:40)
    at Evaluator.visit (/Users/yuan.sun/.nvm/v0.10.26/lib/node_modules/hexo/node_modules/stylus/lib/visitor/evaluator.js:160:18)
    at Evaluator.visitIdent (/Users/yuan.sun/.nvm/v0.10.26/lib/node_modules/hexo/node_modules/stylus/lib/visitor/evaluator.js:570:22)
